-------------------------------------------------------------------------------
Test set: runner.TestRunner
-------------------------------------------------------------------------------
Tests run: 16, Failures: 1, Errors: 0, Skipped: 0, Time elapsed: 209.273 s <<< FAILURE! - in runner.TestRunner
Verify whether the User is able to place order(End to End scenarios for placing orders)  Time elapsed: 17.086 s  <<< FAILURE!
org.junit.ComparisonFailure: 
expected:<... your shopping cart![]> but was:<... your shopping cart![
Ã—]>

