<?xml version="1.0" encoding="UTF-8"?>
<testsuite xmlns:xsi="http://www.w3.org/2001/XMLSchema-instance" xsi:noNamespaceSchemaLocation="https://maven.apache.org/surefire/maven-surefire-plugin/xsd/surefire-test-report.xsd" name="runner.TestRunner" time="121.235" tests="14" errors="0" skipped="0" failures="0">
  <properties>
[...]
</properties>
  <testcase name="Login with valid credentials #1" classname="Login functionality" time="16.985"/>
  <testcase name="Login with valid credentials #2" classname="Login functionality" time="10.184"/>
  <testcase name="Login with valid credentials #3" classname="Login functionality" time="9.17"/>
  <testcase name="Login with invalid credentials" classname="Login functionality" time="6.677"/>
  <testcase name="Login with valid email and invalid password" classname="Login functionality" time="7.472"/>
  <testcase name="Login with invalid email and valid password" classname="Login functionality" time="7.3"/>
  <testcase name="Login without providing any credentails" classname="Login functionality" time="6.798"/>
  <testcase name="User creates an account only with mandatory fields" classname="Registration functionality" time="9.436"/>
  <testcase name="User creates an account with all fields" classname="Registration functionality" time="9.194"/>
  <testcase name="User creates a duplicate account" classname="Registration functionality" time="9.231"/>
  <testcase name="User creates an account without filling any details" classname="Registration functionality" time="9.469"/>
  <testcase name="User searches for a valid product" classname="Search functionality" time="5.761"/>
  <testcase name="User searches for an invalid product" classname="Search functionality" time="5.827"/>
  <testcase name="User searches without any product" classname="Search functionality" time="5.691"/>
</testsuite>